
ERROR:root:Data recv failed
ERROR:root:socket: RECEIVE MESSAGE FAIL
<<<<<<< HEAD
ERROR:root:socket: RECEIVE MESSAGE FAIL
ERROR:root:socket: RECEIVE MESSAGE FAIL
ERROR:root:socket: RECEIVE MESSAGE FAIL
ERROR:root:Data recv failed
ERROR:root:socket: RECEIVE MESSAGE FAIL
ERROR:root:CLOSURE WAS UNSUCCESSFUL
ERROR:root:socket: RECEIVE MESSAGE FAIL
ERROR:root:CLOSURE WAS UNSUCCESSFUL
ERROR:root:socket: RECEIVE MESSAGE FAIL
ERROR:root:CLOSURE WAS UNSUCCESSFUL
ERROR:root:Data recv failed
ERROR:root:Data recv failed
ERROR:root:Data recv failed
ERROR:root:Data recv failed
=======
ERROR:root:client: CLOSURE WAS UNSUCCESSFUL
>>>>>>> c8107ec5988f1e6a47045ccd3eeaa508baf1bf09
